<?xml version="1.0" encoding="UTF-8"?>
<testng-results skipped="0" failed="0" total="1" passed="1">
  <reporter-output>
  </reporter-output>
  <suite name="Default suite" duration-ms="17435" started-at="2019-11-26T05:51:45Z" finished-at="2019-11-26T05:52:03Z">
    <groups>
    </groups>
    <test name="Default test" duration-ms="17435" started-at="2019-11-26T05:51:45Z" finished-at="2019-11-26T05:52:03Z">
      <class name="com.crm.testscripts.AccountsScripts">
        <test-method status="PASS" signature="init()[pri:0, instance:com.crm.testscripts.AccountsScripts@4dfa3a9d]" name="init" is-config="true" duration-ms="12333" started-at="2019-11-26T11:21:45Z" finished-at="2019-11-26T11:21:58Z">
          <reporter-output>
          </reporter-output>
        </test-method> <!-- init -->
        <test-method status="PASS" signature="createcontacts()[pri:0, instance:com.crm.testscripts.AccountsScripts@4dfa3a9d]" name="createcontacts" duration-ms="4945" started-at="2019-11-26T11:21:58Z" finished-at="2019-11-26T11:22:03Z">
          <reporter-output>
          </reporter-output>
        </test-method> <!-- createcontacts -->
      </class> <!-- com.crm.testscripts.AccountsScripts -->
    </test> <!-- Default test -->
  </suite> <!-- Default suite -->
</testng-results>
